<?xml version="1.0" encoding="UTF-8"?>
<!-- Generated by org.testng.reporters.JUnitXMLReporter -->
<testsuite hostname="DESKTOP-MO9VA81" ignored="0" name="Default test" tests="9" failures="0" timestamp="2022-04-03T00:02:59 IST" time="16.868" errors="0">
  <testcase name="browser_launch" time="3.463" classname="com.miniproject.concepts.Runner_login_purchase_logout"/>
  <testcase name="user_credential" time="1.12" classname="com.miniproject.concepts.Runner_login_purchase_logout"/>
  <testcase name="webpage_logout" time="0.386" classname="com.miniproject.concepts.Runner_login_purchase_logout"/>
  <testcase name="click_here_login" time="0.452" classname="com.miniproject.concepts.Runner_login_purchase_logout"/>
  <testcase name="user_credential2" time="0.79" classname="com.miniproject.concepts.Runner_login_purchase_logout"/>
  <testcase name="hotel_booking" time="2.647" classname="com.miniproject.concepts.Runner_login_purchase_logout"/>
  <testcase name="conforming_Page" time="0.764" classname="com.miniproject.concepts.Runner_login_purchase_logout"/>
  <testcase name="personal_Information" time="1.323" classname="com.miniproject.concepts.Runner_login_purchase_logout"/>
  <testcase name="final_logout" time="5.845" classname="com.miniproject.concepts.Runner_login_purchase_logout"/>
</testsuite> <!-- Default test -->
