<?xml version="1.0" encoding="UTF-8"?>
<testng-results skipped="0" failed="0" ignored="0" total="9" passed="9">
  <reporter-output>
  </reporter-output>
  <suite name="Default suite" duration-ms="16868" started-at="2022-04-03T00:02:42 IST" finished-at="2022-04-03T00:02:59 IST">
    <groups>
    </groups>
    <test name="Default test" duration-ms="16868" started-at="2022-04-03T00:02:42 IST" finished-at="2022-04-03T00:02:59 IST">
      <class name="com.miniproject.concepts.Runner_login_purchase_logout">
        <test-method status="PASS" signature="browser_launch()[pri:-5, instance:com.miniproject.concepts.Runner_login_purchase_logout@4e928fbf]" name="browser_launch" duration-ms="3463" started-at="2022-04-03T00:02:42 IST" finished-at="2022-04-03T00:02:46 IST">
          <reporter-output>
          </reporter-output>
        </test-method> <!-- browser_launch -->
        <test-method status="PASS" signature="user_credential()[pri:-4, instance:com.miniproject.concepts.Runner_login_purchase_logout@4e928fbf]" name="user_credential" duration-ms="1120" started-at="2022-04-03T00:02:46 IST" finished-at="2022-04-03T00:02:47 IST">
          <reporter-output>
          </reporter-output>
        </test-method> <!-- user_credential -->
        <test-method status="PASS" signature="webpage_logout()[pri:-3, instance:com.miniproject.concepts.Runner_login_purchase_logout@4e928fbf]" name="webpage_logout" duration-ms="386" started-at="2022-04-03T00:02:47 IST" finished-at="2022-04-03T00:02:47 IST">
          <reporter-output>
          </reporter-output>
        </test-method> <!-- webpage_logout -->
        <test-method status="PASS" signature="click_here_login()[pri:-2, instance:com.miniproject.concepts.Runner_login_purchase_logout@4e928fbf]" name="click_here_login" duration-ms="452" started-at="2022-04-03T00:02:47 IST" finished-at="2022-04-03T00:02:48 IST">
          <reporter-output>
          </reporter-output>
        </test-method> <!-- click_here_login -->
        <test-method status="PASS" signature="user_credential2()[pri:-1, instance:com.miniproject.concepts.Runner_login_purchase_logout@4e928fbf]" name="user_credential2" duration-ms="790" started-at="2022-04-03T00:02:48 IST" finished-at="2022-04-03T00:02:49 IST">
          <reporter-output>
          </reporter-output>
        </test-method> <!-- user_credential2 -->
        <test-method status="PASS" signature="hotel_booking()[pri:0, instance:com.miniproject.concepts.Runner_login_purchase_logout@4e928fbf]" name="hotel_booking" duration-ms="2647" started-at="2022-04-03T00:02:49 IST" finished-at="2022-04-03T00:02:51 IST">
          <reporter-output>
          </reporter-output>
        </test-method> <!-- hotel_booking -->
        <test-method status="PASS" signature="conforming_Page()[pri:1, instance:com.miniproject.concepts.Runner_login_purchase_logout@4e928fbf]" name="conforming_Page" duration-ms="764" started-at="2022-04-03T00:02:51 IST" finished-at="2022-04-03T00:02:52 IST">
          <reporter-output>
          </reporter-output>
        </test-method> <!-- conforming_Page -->
        <test-method status="PASS" signature="personal_Information()[pri:2, instance:com.miniproject.concepts.Runner_login_purchase_logout@4e928fbf]" name="personal_Information" duration-ms="1323" started-at="2022-04-03T00:02:52 IST" finished-at="2022-04-03T00:02:53 IST">
          <reporter-output>
          </reporter-output>
        </test-method> <!-- personal_Information -->
        <test-method status="PASS" signature="final_logout()[pri:3, instance:com.miniproject.concepts.Runner_login_purchase_logout@4e928fbf]" name="final_logout" duration-ms="5845" started-at="2022-04-03T00:02:53 IST" finished-at="2022-04-03T00:02:59 IST">
          <reporter-output>
          </reporter-output>
        </test-method> <!-- final_logout -->
      </class> <!-- com.miniproject.concepts.Runner_login_purchase_logout -->
    </test> <!-- Default test -->
  </suite> <!-- Default suite -->
</testng-results>
